added manifest
adding: com/(in = 0) (out= 0)(stored 0%)
adding: com/sapient/(in = 0) (out= 0)(stored 0%)
adding: com/sapient/qa/(in = 0) (out= 0)(stored 0%)
adding: com/sapient/qa/cats/(in = 0) (out= 0)(stored 0%)
adding: com/sapient/qa/cats/core/(in = 0) (out= 0)(stored 0%)
adding: com/sapient/qa/cats/core/selenium/(in = 0) (out= 0)(stored 0%)
adding: com/sapient/qa/cats/core/selenium/testng/(in = 0) (out= 0)(stored 0%)
adding: com/sapient/qa/cats/core/selenium/testng/test/(in = 0) (out= 0)(stored 0%)
adding: com/sapient/qa/cats/core/selenium/testng/test/scenario/(in = 0) (out= 0)(stored 0%)
adding: com/sapient/qa/cats/core/selenium/testng/test/scenario/SCENARIOS_28.class(in = 8788) (out= 3933)(deflated 55%)
adding: com/sapient/qa/cats/core/selenium/testng/test/scenario/SCENARIOS_28.java(in = 9631) (out= 2213)(deflated 77%)
adding: com/sapient/qa/cats/core/selenium/testng/test/scenario/SCENARIOS_29.class(in = 9640) (out= 4168)(deflated 56%)
adding: com/sapient/qa/cats/core/selenium/testng/test/scenario/SCENARIOS_29.java(in = 10958) (out= 2285)(deflated 79%)
adding: com/sapient/qa/cats/core/selenium/testng/test/scenario/SCENARIOS_30.class(in = 10035) (out= 4288)(deflated 57%)
adding: com/sapient/qa/cats/core/selenium/testng/test/scenario/SCENARIOS_30.java(in = 11575) (out= 2326)(deflated 79%)
adding: com/sapient/qa/cats/core/selenium/testng/test/scenario/SCENARIOS_31.class(in = 8331) (out= 3810)(deflated 54%)
adding: com/sapient/qa/cats/core/selenium/testng/test/scenario/SCENARIOS_31.java(in = 8921) (out= 2178)(deflated 75%)
adding: com/sapient/qa/cats/core/selenium/testng/test/scenario/SCENARIOS_32.class(in = 12076) (out= 4868)(deflated 59%)
adding: com/sapient/qa/cats/core/selenium/testng/test/scenario/SCENARIOS_32.java(in = 14765) (out= 2511)(deflated 82%)
adding: com/sapient/qa/cats/core/selenium/testng/test/scenario/SCENARIOS_33.class(in = 8331) (out= 3807)(deflated 54%)
adding: com/sapient/qa/cats/core/selenium/testng/test/scenario/SCENARIOS_33.java(in = 8921) (out= 2172)(deflated 75%)
adding: com/sapient/qa/cats/core/selenium/testng/test/scenario/SCENARIOS_34.class(in = 8738) (out= 3936)(deflated 54%)
adding: com/sapient/qa/cats/core/selenium/testng/test/scenario/SCENARIOS_34.java(in = 9556) (out= 2216)(deflated 76%)
adding: com/sapient/qa/cats/core/selenium/testng/test/scenario/SCENARIOS_35.class(in = 9183) (out= 4058)(deflated 55%)
adding: com/sapient/qa/cats/core/selenium/testng/test/scenario/SCENARIOS_35.java(in = 10248) (out= 2268)(deflated 77%)
adding: com/sapient/qa/cats/core/selenium/testng/test/scenario/SCENARIOS_36.class(in = 9630) (out= 4169)(deflated 56%)
adding: com/sapient/qa/cats/core/selenium/testng/test/scenario/SCENARIOS_36.java(in = 10943) (out= 2288)(deflated 79%)
adding: com/sapient/qa/cats/core/selenium/testng/test/scenario/SCENARIOS_37.class(in = 9159) (out= 4042)(deflated 55%)
adding: com/sapient/qa/cats/core/selenium/testng/test/scenario/SCENARIOS_37.java(in = 10212) (out= 2254)(deflated 77%)
adding: com/sapient/qa/cats/core/selenium/testng/test/scenario/SCENARIOS_38.class(in = 9588) (out= 4173)(deflated 56%)
adding: com/sapient/qa/cats/core/selenium/testng/test/scenario/SCENARIOS_38.java(in = 10880) (out= 2293)(deflated 78%)
adding: com/sapient/qa/cats/core/selenium/testng/test/scenario/SCENARIOS_39.class(in = 9143) (out= 4045)(deflated 55%)
adding: com/sapient/qa/cats/core/selenium/testng/test/scenario/SCENARIOS_39.java(in = 10188) (out= 2252)(deflated 77%)
adding: com/sapient/qa/cats/core/selenium/testng/test/scenario/SCENARIOS_40.class(in = 9987) (out= 4284)(deflated 57%)
adding: com/sapient/qa/cats/core/selenium/testng/test/scenario/SCENARIOS_40.java(in = 11503) (out= 2322)(deflated 79%)
adding: com/sapient/qa/cats/core/selenium/testng/test/scenario/SCENARIOS_41.class(in = 9157) (out= 4051)(deflated 55%)
adding: com/sapient/qa/cats/core/selenium/testng/test/scenario/SCENARIOS_41.java(in = 10209) (out= 2258)(deflated 77%)
adding: com/sapient/qa/cats/core/selenium/testng/test/scenario/SCENARIOS_42.class(in = 12076) (out= 4868)(deflated 59%)
adding: com/sapient/qa/cats/core/selenium/testng/test/scenario/SCENARIOS_42.java(in = 14765) (out= 2511)(deflated 82%)
adding: com/sapient/qa/cats/core/selenium/testng/test/scenario/SCENARIOS_43.class(in = 9157) (out= 4051)(deflated 55%)
adding: com/sapient/qa/cats/core/selenium/testng/test/scenario/SCENARIOS_43.java(in = 10209) (out= 2258)(deflated 77%)
adding: com/sapient/qa/cats/core/selenium/testng/test/testcase/(in = 0) (out= 0)(stored 0%)
adding: com/sapient/qa/cats/core/selenium/testng/test/testcase/CART_AutoDelivery.class(in = 5357) (out= 2458)(deflated 54%)
adding: com/sapient/qa/cats/core/selenium/testng/test/testcase/CART_AutoDelivery.java(in = 4712) (out= 1492)(deflated 68%)
adding: com/sapient/qa/cats/core/selenium/testng/test/testcase/CART_ClickCheckOutBttn.class(in = 4620) (out= 2187)(deflated 52%)
adding: com/sapient/qa/cats/core/selenium/testng/test/testcase/CART_ClickCheckOutBttn.java(in = 3627) (out= 1327)(deflated 63%)
adding: com/sapient/qa/cats/core/selenium/testng/test/testcase/CART_MiniCartItemAddVerify.class(in = 4451) (out= 2092)(deflated 52%)
adding: com/sapient/qa/cats/core/selenium/testng/test/testcase/CART_MiniCartItemAddVerify.java(in = 3371) (out= 1279)(deflated 62%)
adding: com/sapient/qa/cats/core/selenium/testng/test/testcase/COMMON_CLOSEOVERLAY.class(in = 4506) (out= 2158)(deflated 52%)
adding: com/sapient/qa/cats/core/selenium/testng/test/testcase/COMMON_CLOSEOVERLAY.java(in = 3494) (out= 1326)(deflated 62%)
adding: com/sapient/qa/cats/core/selenium/testng/test/testcase/COMMON_CloseWindow.class(in = 4227) (out= 1983)(deflated 53%)
adding: com/sapient/qa/cats/core/selenium/testng/test/testcase/COMMON_CloseWindow.java(in = 3063) (out= 1193)(deflated 61%)
adding: com/sapient/qa/cats/core/selenium/testng/test/testcase/COMMON_CreateAnAccount.class(in = 5663) (out= 2588)(deflated 54%)
adding: com/sapient/qa/cats/core/selenium/testng/test/testcase/COMMON_CreateAnAccount.java(in = 4844) (out= 1575)(deflated 67%)
adding: com/sapient/qa/cats/core/selenium/testng/test/testcase/COMMON_GlobalMsgRegistrationSuccess.class(in = 4351) (out= 2037)(deflated 53%)
adding: com/sapient/qa/cats/core/selenium/testng/test/testcase/COMMON_GlobalMsgRegistrationSuccess.java(in = 3221) (out= 1241)(deflated 61%)
adding: com/sapient/qa/cats/core/selenium/testng/test/testcase/COMMON_LaunchSite.class(in = 4347) (out= 2067)(deflated 52%)
adding: com/sapient/qa/cats/core/selenium/testng/test/testcase/COMMON_LaunchSite.java(in = 3216) (out= 1239)(deflated 61%)
adding: com/sapient/qa/cats/core/selenium/testng/test/testcase/COMMON_MyAccountClick.class(in = 4378) (out= 2070)(deflated 52%)
adding: com/sapient/qa/cats/core/selenium/testng/test/testcase/COMMON_MyAccountClick.java(in = 3249) (out= 1248)(deflated 61%)
adding: com/sapient/qa/cats/core/selenium/testng/test/testcase/COMMON_RegisterAnAccount.class(in = 5648) (out= 2588)(deflated 54%)
adding: com/sapient/qa/cats/core/selenium/testng/test/testcase/COMMON_RegisterAnAccount.java(in = 4826) (out= 1576)(deflated 67%)
adding: com/sapient/qa/cats/core/selenium/testng/test/testcase/COMMON_VerifyMenuBar.class(in = 4737) (out= 2195)(deflated 53%)
adding: com/sapient/qa/cats/core/selenium/testng/test/testcase/COMMON_VerifyMenuBar.java(in = 3760) (out= 1334)(deflated 64%)
adding: com/sapient/qa/cats/core/selenium/testng/test/testcase/HEADER_ClickCoffeeLink.class(in = 4563) (out= 2162)(deflated 52%)
adding: com/sapient/qa/cats/core/selenium/testng/test/testcase/HEADER_ClickCoffeeLink.java(in = 3473) (out= 1311)(deflated 62%)
adding: com/sapient/qa/cats/core/selenium/testng/test/testcase/HEADER_ClickCoffeeMaker3.class(in = 4750) (out= 2249)(deflated 52%)
adding: com/sapient/qa/cats/core/selenium/testng/test/testcase/HEADER_ClickCoffeeMaker3.java(in = 3691) (out= 1359)(deflated 63%)
adding: com/sapient/qa/cats/core/selenium/testng/test/testcase/HEADER_VerifyHeaders.class(in = 4582) (out= 2128)(deflated 53%)
adding: com/sapient/qa/cats/core/selenium/testng/test/testcase/HEADER_VerifyHeaders.java(in = 3544) (out= 1293)(deflated 63%)
adding: com/sapient/qa/cats/core/selenium/testng/test/testcase/MyAccount_BrewerRegPurDate1.class(in = 5753) (out= 2598)(deflated 54%)
adding: com/sapient/qa/cats/core/selenium/testng/test/testcase/MyAccount_BrewerRegPurDate1.java(in = 5057) (out= 1579)(deflated 68%)
adding: com/sapient/qa/cats/core/selenium/testng/test/testcase/MyAccount_VerifyMyAccountSection.class(in = 5229) (out= 2356)(deflated 54%)
adding: com/sapient/qa/cats/core/selenium/testng/test/testcase/MyAccount_VerifyMyAccountSection.java(in = 4453) (out= 1417)(deflated 68%)
adding: com/sapient/qa/cats/core/selenium/testng/test/testcase/Payment_VISALoggedInUser.class(in = 6297) (out= 2798)(deflated 55%)
adding: com/sapient/qa/cats/core/selenium/testng/test/testcase/Payment_VISALoggedInUser.java(in = 5849) (out= 1696)(deflated 71%)
adding: com/sapient/qa/cats/core/selenium/testng/test/testcase/PDP_AddToCart.class(in = 4741) (out= 2258)(deflated 52%)
adding: com/sapient/qa/cats/core/selenium/testng/test/testcase/PDP_AddToCart.java(in = 3770) (out= 1368)(deflated 63%)
adding: com/sapient/qa/cats/core/selenium/testng/test/testcase/PDP_MiniCartIconClick.class(in = 4474) (out= 2118)(deflated 52%)
adding: com/sapient/qa/cats/core/selenium/testng/test/testcase/PDP_MiniCartIconClick.java(in = 3402) (out= 1279)(deflated 62%)
adding: com/sapient/qa/cats/core/selenium/testng/test/testcase/PDP_VerifyATCAndATAD.class(in = 4683) (out= 2184)(deflated 53%)
adding: com/sapient/qa/cats/core/selenium/testng/test/testcase/PDP_VerifyATCAndATAD.java(in = 3726) (out= 1334)(deflated 64%)
adding: com/sapient/qa/cats/core/selenium/testng/test/testcase/PDP_VerifyBrewerCompareTable.class(in = 4430) (out= 2074)(deflated 53%)
adding: com/sapient/qa/cats/core/selenium/testng/test/testcase/PDP_VerifyBrewerCompareTable.java(in = 3353) (out= 1261)(deflated 62%)
adding: com/sapient/qa/cats/core/selenium/testng/test/testcase/PDP_VerifyOOS.class(in = 4771) (out= 2307)(deflated 51%)
adding: com/sapient/qa/cats/core/selenium/testng/test/testcase/PDP_VerifyOOS.java(in = 3726) (out= 1433)(deflated 61%)
adding: com/sapient/qa/cats/core/selenium/testng/test/testcase/PDP_VerifySingleMultiVariant.class(in = 4485) (out= 2105)(deflated 53%)
adding: com/sapient/qa/cats/core/selenium/testng/test/testcase/PDP_VerifySingleMultiVariant.java(in = 3417) (out= 1287)(deflated 62%)
adding: com/sapient/qa/cats/core/selenium/testng/test/testcase/PLP_AddToCartt.class(in = 4830) (out= 2271)(deflated 52%)
adding: com/sapient/qa/cats/core/selenium/testng/test/testcase/PLP_AddToCartt.java(in = 3938) (out= 1370)(deflated 65%)
adding: com/sapient/qa/cats/core/selenium/testng/test/testcase/PLP_ApplyFilterCoffee.class(in = 4616) (out= 2148)(deflated 53%)
adding: com/sapient/qa/cats/core/selenium/testng/test/testcase/PLP_ApplyFilterCoffee.java(in = 3603) (out= 1294)(deflated 64%)
adding: com/sapient/qa/cats/core/selenium/testng/test/testcase/PLP_BrewerAddToCart.class(in = 4379) (out= 2071)(deflated 52%)
adding: com/sapient/qa/cats/core/selenium/testng/test/testcase/PLP_BrewerAddToCart.java(in = 3276) (out= 1253)(deflated 61%)
adding: com/sapient/qa/cats/core/selenium/testng/test/testcase/PLP_ClickProduct.class(in = 4515) (out= 2141)(deflated 52%)
adding: com/sapient/qa/cats/core/selenium/testng/test/testcase/PLP_ClickProduct.java(in = 3436) (out= 1299)(deflated 62%)
adding: com/sapient/qa/cats/core/selenium/testng/test/testcase/PLP_RemoveFilter.class(in = 4388) (out= 2072)(deflated 52%)
adding: com/sapient/qa/cats/core/selenium/testng/test/testcase/PLP_RemoveFilter.java(in = 3287) (out= 1255)(deflated 61%)
adding: com/sapient/qa/cats/core/selenium/testng/test/testcase/PLP_VerifyPagination.class(in = 4410) (out= 2081)(deflated 52%)
adding: com/sapient/qa/cats/core/selenium/testng/test/testcase/PLP_VerifyPagination.java(in = 3309) (out= 1268)(deflated 61%)
adding: com/sapient/qa/cats/core/selenium/testng/test/testcase/Review_PlaceOrder1.class(in = 4542) (out= 2155)(deflated 52%)
adding: com/sapient/qa/cats/core/selenium/testng/test/testcase/Review_PlaceOrder1.java(in = 3478) (out= 1312)(deflated 62%)
adding: com/sapient/qa/cats/core/selenium/testng/test/testcase/Shipping_FillShippingDetails.class(in = 6271) (out= 2752)(deflated 56%)
adding: com/sapient/qa/cats/core/selenium/testng/test/testcase/Shipping_FillShippingDetails.java(in = 5707) (out= 1665)(deflated 70%)
adding: com/sapient/qa/cats/core/selenium/xml/(in = 0) (out= 0)(stored 0%)
adding: com/sapient/qa/cats/core/selenium/xml/CATSTestNGSuite.xml(in = 1957) (out= 726)(deflated 62%)
adding: com/sapient/qa/cats/core/selenium/xml/Validate the headers at homepage including all the links.xml(in = 775) (out= 324)(deflated 58%)
adding: com/sapient/qa/cats/core/selenium/xml/Verify  the details displayed at  review order page.xml(in = 765) (out= 322)(deflated 57%)
adding: com/sapient/qa/cats/core/selenium/xml/Verify if the user is  able to register the Brewers with the new  serial number.xml(in = 821) (out= 339)(deflated 58%)
adding: com/sapient/qa/cats/core/selenium/xml/Verify Menu Bar.xml(in = 693) (out= 300)(deflated 56%)
adding: com/sapient/qa/cats/core/selenium/xml/Verify that  when user apply the filters  Then user  see that selected facets are visually distinguished via tick mark n the check box .xml(in = 933) (out= 371)(deflated 60%)
adding: com/sapient/qa/cats/core/selenium/xml/Verify that PDP will  show the quantity increase in the mini cart once the product is successfully added to cart.xml(in = 887) (out= 363)(deflated 59%)
adding: com/sapient/qa/cats/core/selenium/xml/Verify that user is able to checkout till order review page at Keurig.xml(in = 801) (out= 336)(deflated 58%)
adding: com/sapient/qa/cats/core/selenium/xml/Verify that user is successfully able to register at keurig ca.xml(in = 787) (out= 331)(deflated 57%)
adding: com/sapient/qa/cats/core/selenium/xml/Verify that when user clicks on the Add to Cart CTA Product card that get opened can be closed by clicking on the X sign and Product get successfully added.xml(in = 973) (out= 383)(deflated 60%)
adding: com/sapient/qa/cats/core/selenium/xml/Verify that when user is at cart page user will able to  see a  Onetime purchase and auto delivery radio buttons.xml(in = 887) (out= 361)(deflated 59%)
adding: com/sapient/qa/cats/core/selenium/xml/Verify that when user is at PDP user will able to see add to cart CTA.xml(in = 801) (out= 335)(deflated 58%)
adding: com/sapient/qa/cats/core/selenium/xml/Verify that when user is on a Brewer PDP the user see compare icons with compare text for applicable brewers.xml(in = 879) (out= 354)(deflated 59%)
adding: com/sapient/qa/cats/core/selenium/xml/Verify the pagination on PLP page.xml(in = 729) (out= 308)(deflated 57%)
adding: com/sapient/qa/cats/core/selenium/xml/Verify the UI of OOS product.xml(in = 719) (out= 309)(deflated 57%)
adding: com/sapient/qa/cats/core/selenium/xml/Verify the UI of single variant and multiple variant product.xml(in = 783) (out= 326)(deflated 58%)
adding: com/sapient/qa/cats/core/selenium/xml/Verify various tabs on My Account Page after login.xml(in = 763) (out= 323)(deflated 57%)
added manifest
adding: com/(in = 0) (out= 0)(stored 0%)
adding: com/sapient/(in = 0) (out= 0)(stored 0%)
adding: com/sapient/qa/(in = 0) (out= 0)(stored 0%)
adding: com/sapient/qa/cats/(in = 0) (out= 0)(stored 0%)
adding: com/sapient/qa/cats/core/(in = 0) (out= 0)(stored 0%)
adding: com/sapient/qa/cats/core/customactions/(in = 0) (out= 0)(stored 0%)
adding: com/sapient/qa/cats/core/customactions/AddEmail.class(in = 2958) (out= 1444)(deflated 51%)
adding: com/sapient/qa/cats/core/customactions/CheckInstallationStartDate.class(in = 1796) (out= 996)(deflated 44%)
adding: com/sapient/qa/cats/core/customactions/clickEvent.class(in = 2684) (out= 1262)(deflated 52%)
adding: com/sapient/qa/cats/core/customactions/CloseTab.class(in = 2088) (out= 1048)(deflated 49%)
adding: com/sapient/qa/cats/core/customactions/CustomActionTemplate.class(in = 4334) (out= 2026)(deflated 53%)
adding: com/sapient/qa/cats/core/customactions/GetRandomString.class(in = 2759) (out= 1403)(deflated 49%)
adding: com/sapient/qa/cats/core/customactions/LinkActive.class(in = 5685) (out= 2836)(deflated 50%)
adding: com/sapient/qa/cats/core/customactions/PushKeys.class(in = 2470) (out= 1152)(deflated 53%)
adding: com/sapient/qa/cats/core/customactions/SendDownArrow.class(in = 2596) (out= 1250)(deflated 51%)
adding: com/sapient/qa/cats/core/customactions/SendKeys.class(in = 2305) (out= 1088)(deflated 52%)
adding: com/sapient/qa/cats/core/customactions/SwitchToTab.class(in = 2074) (out= 1034)(deflated 50%)
adding: com/sapient/qa/cats/core/customactions/TireCatalog.class(in = 3110) (out= 1492)(deflated 52%)
adding: com/sapient/qa/cats/core/customactions/TmlaScroll.class(in = 4580) (out= 2179)(deflated 52%)
adding: com/sapient/qa/cats/core/customactions/VerifayRegexParternSeachText.class(in = 3129) (out= 1495)(deflated 52%)
adding: com/sapient/qa/cats/core/customactions/VerifyEmail.class(in = 2672) (out= 1335)(deflated 50%)
adding: com/sapient/qa/cats/core/customactions/VerifySubstring.class(in = 2141) (out= 1107)(deflated 48%)
adding: com/sapient/qa/cats/core/customactions/VerifyTextEquals.class(in = 2631) (out= 1383)(deflated 47%)
